mkdir: cannot create directory `Work': File exists
configure: loading cache config.cache
checking build system type... i686-pc-mingw32
checking host system type... i686-pc-mingw32
checking for gcc... gcc
checking whether the C compiler works... yes
checking for C compiler default output file name... a.exe
checking for suffix of executables... .exe
checking whether we are cross compiling... no
checking for suffix of object files... o
checking whether we are using the GNU C compiler... yes
checking whether gcc accepts -g... yes
checking for gcc option to accept ISO C89... none needed
checking whether gcc understands -c and -o together... yes
checking for native WIN32 or MINGW32... mingw32
configure: Assuming `--enable-autosp=no'
configure: Assuming `--enable-devnag=no'
configure: Assuming `--enable-lacheck=no'
configure: Assuming `--enable-m-tx=no'
configure: Assuming `--enable-pmx=no'
configure: Assuming `--enable-ps2eps=no'
configure: Assuming `--enable-t1utils=no'
configure: Assuming `--enable-texdoctk=no'
configure: Assuming `--enable-tpic2pdftex=no'
configure: Assuming `--enable-vlna=no'
configure: Assuming `--with-clisp-runtime=default'
configure: `--without-x' -> `--disable-xpdfopen'
configure: Assuming `--enable-web2c=no'
configure: Assuming `--enable-afm2pl=no'
configure: Assuming `--enable-bibtex-x=no'
configure: Assuming `--enable-chktex=no'
configure: Assuming `--enable-cjkutils=no'
configure: Assuming `--enable-detex=no'
configure: Assuming `--enable-dtl=no'
configure: Assuming `--enable-dvi2tty=no'
configure: Assuming `--enable-dvidvi=no'
configure: Assuming `--enable-dviljk=no'
configure: Assuming `--enable-dvipdfm-x=no'
configure: Assuming `--enable-dvipng=no'
configure: Assuming `--enable-dvipos=no'
configure: Assuming `--enable-dvipsk=no'
configure: Assuming `--enable-dvisvgm=no'
configure: Assuming `--enable-gregorio=no'
configure: Assuming `--enable-gsftopk=no'
configure: Assuming `--enable-lcdf-typetools=no'
configure: Assuming `--enable-makeindexk=no'
configure: Assuming `--enable-makejvf=no'
configure: Assuming `--enable-mendexk=no'
configure: Assuming `--enable-musixtnt=no'
configure: Assuming `--enable-ps2pk=no'
configure: Assuming `--enable-psutils=no'
configure: Assuming `--enable-seetexk=no'
configure: Assuming `--enable-ttf2pk2=no'
configure: Assuming `--enable-ttfdump=no'
configure: Assuming `--enable-upmendex=no'
configure: `--without-x' -> `--disable-xdvik'
configure: Assuming `--enable-texlive=no'
configure: Assuming `harfbuzz' headers and library from TL tree
configure: Assuming `icu' headers and library from TL tree
configure: Assuming `teckit' headers and library from TL tree
configure: Assuming `graphite2' headers and library from TL tree
configure: Assuming `zziplib' headers and library from TL tree
configure: Assuming `xpdf' headers and library from TL tree
configure: Assuming `poppler' headers and library from TL tree
configure: Assuming `mpfr' headers and library from TL tree
configure: Assuming `gmp' headers and library from TL tree
configure: Assuming `cairo' headers and library from TL tree
configure: Assuming `pixman' headers and library from TL tree
configure: Assuming `potrace' headers and library from TL tree
configure: Assuming `gd' headers and library from TL tree
configure: Assuming `freetype2' headers and library from TL tree
configure: Assuming `libpng' headers and library from TL tree
configure: Assuming `libpaper' headers and library from TL tree
configure: Assuming `zlib' headers and library from TL tree
configure: Assuming `ptexenc' headers and library from TL tree
configure: Assuming `kpathsea' headers and library from TL tree
checking for a BSD-compatible install... /bin/install -c
checking whether build environment is sane... yes
checking for a thread-safe mkdir -p... /bin/mkdir -p
checking for gawk... gawk
checking whether make sets $(MAKE)... yes
checking for style of include used by make... GNU
checking whether make supports nested variables... yes
checking how to print strings... printf
checking for a sed that does not truncate output... /D/kp/bin/GnuWin32/bin/sed
checking for grep that handles long lines and -e... /D/kp/bin/GnuWin32/bin/grep
checking for egrep... /D/kp/bin/GnuWin32/bin/grep -E
checking for fgrep... /D/kp/bin/GnuWin32/bin/grep -F
checking for ld used by gcc... d:/kp/bin/mingw-w64/i686-7.1.0-posix-dwarf-rt_v5-rev0/mingw64/bin/../lib/gcc/x86_64-w64-mingw32/7.1.0/../../../../x86_64-w64-mingw32/bin/ld.exe
checking if the linker (d:/kp/bin/mingw-w64/i686-7.1.0-posix-dwarf-rt_v5-rev0/mingw64/bin/../lib/gcc/x86_64-w64-mingw32/7.1.0/../../../../x86_64-w64-mingw32/bin/ld.exe) is GNU ld... yes
checking for BSD- or MS-compatible name lister (nm)... /d/kp/bin/mingw-w64/i686-7.1.0-posix-dwarf-rt_v5-rev0/mingw64/bin/nm -B
checking the name lister (/d/kp/bin/mingw-w64/i686-7.1.0-posix-dwarf-rt_v5-rev0/mingw64/bin/nm -B) interface... BSD nm
checking whether ln -s works... no, using cp -pR
checking the maximum length of command line arguments... 8192
checking how to convert i686-pc-mingw32 file names to i686-pc-mingw32 format... func_convert_file_msys_to_w32
checking how to convert i686-pc-mingw32 file names to toolchain format... func_convert_file_msys_to_w32
checking for d:/kp/bin/mingw-w64/i686-7.1.0-posix-dwarf-rt_v5-rev0/mingw64/bin/../lib/gcc/x86_64-w64-mingw32/7.1.0/../../../../x86_64-w64-mingw32/bin/ld.exe option to reload object files... -r
checking for objdump... objdump
checking how to recognize dependent libraries... file_magic ^x86 archive import|^x86 DLL
checking for dlltool... dlltool
checking how to associate runtime and link libraries... func_cygming_dll_for_implib
checking for ar... ar
checking for archiver @FILE support... @
checking for strip... strip
checking for ranlib... ranlib
checking command to parse /d/kp/bin/mingw-w64/i686-7.1.0-posix-dwarf-rt_v5-rev0/mingw64/bin/nm -B output from gcc object... failed
checking for sysroot... no
checking for a working dd... /bin/dd
checking how to truncate binary pipes... /bin/dd bs=4096 count=1
checking for mt... no
checking if : is a manifest tool... no
checking how to run the C preprocessor... gcc -E
checking for ANSI C header files... yes
checking for sys/types.h... yes
checking for sys/stat.h... yes
checking for stdlib.h... yes
checking for string.h... yes
checking for memory.h... yes
checking for strings.h... yes
checking for inttypes.h... yes
checking for stdint.h... yes
checking for unistd.h... yes
checking for dlfcn.h... no
checking how to create a pax tar archive... gnutar
checking dependency style of gcc... gcc3
checking whether to enable maintainer-specific portions of Makefiles... no
checking whether the compiler accepts prototypes... yes
checking what warning flags to pass to the C compiler... -Wimplicit -Wreturn-type
checking for as... as
checking for dlltool... (cached) dlltool
checking for objdump... (cached) objdump
checking for objdir... .libs
checking if gcc supports -fno-rtti -fno-exceptions... d:\kp\bin\GnuWin32\bin\sed.exe: -e expression #1, char 2: extra characters after command
no
checking for gcc option to produce PIC... -DDLL_EXPORT -DPIC
checking if gcc PIC flag -DDLL_EXPORT -DPIC works... d:\kp\bin\GnuWin32\bin\sed.exe: -e expression #1, char 2: extra characters after command
yes
checking if gcc static flag -static works... yes
checking if gcc supports -c -o file.o... d:\kp\bin\GnuWin32\bin\sed.exe: -e expression #1, char 2: extra characters after command
yes
checking if gcc supports -c -o file.o... (cached) yes
checking whether the gcc linker (d:/kp/bin/mingw-w64/i686-7.1.0-posix-dwarf-rt_v5-rev0/mingw64/bin/../lib/gcc/x86_64-w64-mingw32/7.1.0/../../../../x86_64-w64-mingw32/bin/ld.exe) supports shared libraries... yes
checking dynamic linker characteristics... Win32 ld.exe
checking how to hardcode library paths into programs... immediate
checking whether stripping libraries is possible... yes
checking if libtool supports shared libraries... yes
checking whether to build shared libraries... no
checking whether to build static libraries... yes
checking for special C compiler options needed for large files... no
checking for _FILE_OFFSET_BITS value needed for large files... 64
checking for _LARGEFILE_SOURCE value needed for large files... no
checking for dirent.h that defines DIR... yes
checking for library containing opendir... none required
checking for ANSI C header files... (cached) yes
checking whether closedir returns void... no
checking assert.h usability... yes
checking assert.h presence... yes
checking for assert.h... yes
checking float.h usability... yes
checking float.h presence... yes
checking for float.h... yes
checking limits.h usability... yes
checking limits.h presence... yes
checking for limits.h... yes
checking pwd.h usability... no
checking pwd.h presence... no
checking for pwd.h... no
checking for stdlib.h... (cached) yes
checking sys/param.h usability... yes
checking sys/param.h presence... yes
checking for sys/param.h... yes
checking for putenv... yes
checking for getcwd... yes
checking for getwd... no
checking for memcmp... yes
checking for memcpy... yes
checking for mkstemp... yes
checking for mktemp... yes
checking for strchr... yes
checking for strrchr... yes
checking for an ANSI C-conforming const... yes
checking for inline... inline
checking for size_t... yes
checking for int64_t... yes
checking for uint64_t... yes
checking whether isascii is declared... yes
checking for struct stat.st_mtim... no
checking for X... disabled
checking for g++... g++
checking whether we are using the GNU C++ compiler... yes
checking whether g++ accepts -g... yes
checking dependency style of g++... gcc3
checking what warning flags to pass to the C++ compiler... -Wreturn-type -Wno-write-strings
checking how to run the C++ preprocessor... g++ -E
checking for ld used by g++... d:/kp/bin/mingw-w64/i686-7.1.0-posix-dwarf-rt_v5-rev0/mingw64/bin/../lib/gcc/x86_64-w64-mingw32/7.1.0/../../../../x86_64-w64-mingw32/bin/ld.exe
checking if the linker (d:/kp/bin/mingw-w64/i686-7.1.0-posix-dwarf-rt_v5-rev0/mingw64/bin/../lib/gcc/x86_64-w64-mingw32/7.1.0/../../../../x86_64-w64-mingw32/bin/ld.exe) is GNU ld... yes
checking whether the g++ linker (d:/kp/bin/mingw-w64/i686-7.1.0-posix-dwarf-rt_v5-rev0/mingw64/bin/../lib/gcc/x86_64-w64-mingw32/7.1.0/../../../../x86_64-w64-mingw32/bin/ld.exe) supports shared libraries... yes
checking for g++ option to produce PIC... -DDLL_EXPORT -DPIC
checking if g++ PIC flag -DDLL_EXPORT -DPIC works... d:\kp\bin\GnuWin32\bin\sed.exe: -e expression #1, char 2: extra characters after command
yes
checking if g++ static flag -static works... yes
checking if g++ supports -c -o file.o... d:\kp\bin\GnuWin32\bin\sed.exe: -e expression #1, char 2: extra characters after command
yes
checking if g++ supports -c -o file.o... (cached) yes
checking whether the g++ linker (d:/kp/bin/mingw-w64/i686-7.1.0-posix-dwarf-rt_v5-rev0/mingw64/bin/../lib/gcc/x86_64-w64-mingw32/7.1.0/../../../../x86_64-w64-mingw32/bin/ld.exe) supports shared libraries... yes
checking dynamic linker characteristics... Win32 ld.exe
checking how to hardcode library paths into programs... immediate
checking whether ln -s works... no, using cp -pR
checking for _access... yes
checking for _open... yes
checking for TeX specific libraries to build... texk/kpathsea 
checking for pkg-config... no
checking for freetype-config... no
checking for icu-config... no
d:\kp\bin\GnuWin32\bin\sed.exe: -e expression #1, char 2: extra characters after command
checking that generated files are newer than configure... done
configure: creating ./config.status
config.status: creating Makefile
config.status: creating doc/Makefile
config.status: executing depfiles commands
config.status: executing libtool commands
d:\kp\bin\GnuWin32\bin\sed.exe: -e expression #1, char 75: unknown command: `"'
=== configuring in auxdir/auxsub (/F/kp/src/vtex/tex/texlive/2017/src_kp_tex4ht/trunk/Build/source/Work/auxdir/auxsub)
configure: running /bin/sh ../../../auxdir/auxsub/configure --disable-option-checking '--prefix=/usr/local'  '--disable-all-pkgs' '--without-x' '--disable-xetex' '--disable-xindy' '--enable-tex4htk' 'CFLAGS=-g' 'CXXFLAGS=-g' '--enable-native-texlive-build' '--enable-largefile' '--disable-silent-rules' '--enable-multiplatform=yes' '--enable-cxx-runtime-hack=yes' '--enable-libtool-hack=yes' '--disable-shared' '--enable-texlive-build' '--bindir=${exec_prefix}/bin/i686-pc-mingw32' '--libdir=${exec_prefix}/lib/i686-pc-mingw32' '--enable-autosp=no' '--enable-devnag=no' '--enable-lacheck=no' '--enable-m-tx=no' '--enable-pmx=no' '--enable-ps2eps=no' '--enable-t1utils=no' '--enable-texdoctk=no' '--enable-tpic2pdftex=no' '--enable-vlna=no' '--with-clisp-runtime=default' '--disable-xpdfopen' '--enable-web2c=no' '--enable-afm2pl=no' '--enable-bibtex-x=no' '--enable-chktex=no' '--enable-cjkutils=no' '--enable-detex=no' '--enable-dtl=no' '--enable-dvi2tty=no' '--enable-dvidvi=no' '--enable-dviljk=no' '--enable-dvipdfm-x=no' '--enable-dvipng=no' '--enable-dvipos=no' '--enable-dvipsk=no' '--enable-dvisvgm=no' '--enable-gregorio=no' '--enable-gsftopk=no' '--enable-lcdf-typetools=no' '--enable-makeindexk=no' '--enable-makejvf=no' '--enable-mendexk=no' '--enable-musixtnt=no' '--enable-ps2pk=no' '--enable-psutils=no' '--enable-seetexk=no' '--enable-ttf2pk2=no' '--enable-ttfdump=no' '--enable-upmendex=no' '--disable-xdvik' '--enable-texlive=no' '--with-system-harfbuzz=no' '--with-system-icu=no' '--with-system-teckit=no' '--with-system-graphite2=no' '--with-system-zziplib=no' '--with-system-xpdf=no' '--with-system-poppler=no' '--with-system-mpfr=no' '--with-system-gmp=no' '--with-system-cairo=no' '--with-system-pixman=no' '--with-system-potrace=no' '--with-system-gd=no' '--with-system-freetype2=no' '--with-system-libpng=no' '--with-system-libpaper=no' '--with-system-zlib=no' '--with-system-ptexenc=no' '--with-system-kpathsea=no' '--datarootdir=${prefix}' '--mandir=${prefix}/texmf-dist/doc/man' '--infodir=${prefix}/texmf-dist/doc/info' --cache-file=../../config.cache --srcdir=../../../auxdir/auxsub
configure: loading cache ../../config.cache
checking for a BSD-compatible install... /bin/install -c
checking whether build environment is sane... yes
checking for a thread-safe mkdir -p... /bin/mkdir -p
checking for gawk... gawk
checking whether make sets $(MAKE)... yes
checking whether make supports nested variables... yes
checking whether to enable maintainer-specific portions of Makefiles... no
d:\kp\bin\GnuWin32\bin\sed.exe: -e expression #1, char 2: extra characters after command
checking that generated files are newer than configure... done
configure: creating ./config.status
config.status: creating Makefile
d:\kp\bin\GnuWin32\bin\sed.exe: -e expression #1, char 2: extra characters after command
=== configuring in libs (/F/kp/src/vtex/tex/texlive/2017/src_kp_tex4ht/trunk/Build/source/Work/libs)
configure: running /bin/sh ../../libs/configure --disable-option-checking '--prefix=/usr/local'  '--disable-all-pkgs' '--without-x' '--disable-xetex' '--disable-xindy' '--enable-tex4htk' 'CFLAGS=-g' 'CXXFLAGS=-g' '--enable-native-texlive-build' '--enable-largefile' '--disable-silent-rules' '--enable-multiplatform=yes' '--enable-cxx-runtime-hack=yes' '--enable-libtool-hack=yes' '--disable-shared' '--enable-texlive-build' '--bindir=${exec_prefix}/bin/i686-pc-mingw32' '--libdir=${exec_prefix}/lib/i686-pc-mingw32' '--enable-autosp=no' '--enable-devnag=no' '--enable-lacheck=no' '--enable-m-tx=no' '--enable-pmx=no' '--enable-ps2eps=no' '--enable-t1utils=no' '--enable-texdoctk=no' '--enable-tpic2pdftex=no' '--enable-vlna=no' '--with-clisp-runtime=default' '--disable-xpdfopen' '--enable-web2c=no' '--enable-afm2pl=no' '--enable-bibtex-x=no' '--enable-chktex=no' '--enable-cjkutils=no' '--enable-detex=no' '--enable-dtl=no' '--enable-dvi2tty=no' '--enable-dvidvi=no' '--enable-dviljk=no' '--enable-dvipdfm-x=no' '--enable-dvipng=no' '--enable-dvipos=no' '--enable-dvipsk=no' '--enable-dvisvgm=no' '--enable-gregorio=no' '--enable-gsftopk=no' '--enable-lcdf-typetools=no' '--enable-makeindexk=no' '--enable-makejvf=no' '--enable-mendexk=no' '--enable-musixtnt=no' '--enable-ps2pk=no' '--enable-psutils=no' '--enable-seetexk=no' '--enable-ttf2pk2=no' '--enable-ttfdump=no' '--enable-upmendex=no' '--disable-xdvik' '--enable-texlive=no' '--with-system-harfbuzz=no' '--with-system-icu=no' '--with-system-teckit=no' '--with-system-graphite2=no' '--with-system-zziplib=no' '--with-system-xpdf=no' '--with-system-poppler=no' '--with-system-mpfr=no' '--with-system-gmp=no' '--with-system-cairo=no' '--with-system-pixman=no' '--with-system-potrace=no' '--with-system-gd=no' '--with-system-freetype2=no' '--with-system-libpng=no' '--with-system-libpaper=no' '--with-system-zlib=no' '--with-system-ptexenc=no' '--with-system-kpathsea=no' '--datarootdir=${prefix}' '--mandir=${prefix}/texmf-dist/doc/man' '--infodir=${prefix}/texmf-dist/doc/info' --cache-file=../config.cache --srcdir=../../libs
configure: loading cache ../config.cache
checking build system type... i686-pc-mingw32
checking host system type... i686-pc-mingw32
checking for gcc... gcc
checking whether the C compiler works... yes
checking for C compiler default output file name... a.exe
checking for suffix of executables... .exe
checking whether we are cross compiling... no
checking for suffix of object files... o
checking whether we are using the GNU C compiler... yes
checking whether gcc accepts -g... yes
checking for gcc option to accept ISO C89... none needed
checking whether gcc understands -c and -o together... yes
checking for native WIN32 or MINGW32... mingw32
checking for a BSD-compatible install... /bin/install -c
checking whether build environment is sane... yes
checking for a thread-safe mkdir -p... /bin/mkdir -p
checking for gawk... gawk
checking whether make sets $(MAKE)... yes
checking for style of include used by make... GNU
checking whether make supports nested variables... yes
checking dependency style of gcc... gcc3
checking whether to enable maintainer-specific portions of Makefiles... no
checking whether the compiler accepts prototypes... yes
checking what warning flags to pass to the C compiler... -Wimplicit -Wreturn-type
checking for generic libraries to build... 
d:\kp\bin\GnuWin32\bin\sed.exe: -e expression #1, char 2: extra characters after command
checking that generated files are newer than configure... done
configure: creating ./config.status
config.status: creating Makefile
config.status: executing depfiles commands
d:\kp\bin\GnuWin32\bin\sed.exe: -e expression #1, char 2: extra characters after command
=== configuring in utils (/F/kp/src/vtex/tex/texlive/2017/src_kp_tex4ht/trunk/Build/source/Work/utils)
configure: running /bin/sh ../../utils/configure --disable-option-checking '--prefix=/usr/local'  '--disable-all-pkgs' '--without-x' '--disable-xetex' '--disable-xindy' '--enable-tex4htk' 'CFLAGS=-g' 'CXXFLAGS=-g' '--enable-native-texlive-build' '--enable-largefile' '--disable-silent-rules' '--enable-multiplatform=yes' '--enable-cxx-runtime-hack=yes' '--enable-libtool-hack=yes' '--disable-shared' '--enable-texlive-build' '--bindir=${exec_prefix}/bin/i686-pc-mingw32' '--libdir=${exec_prefix}/lib/i686-pc-mingw32' '--enable-autosp=no' '--enable-devnag=no' '--enable-lacheck=no' '--enable-m-tx=no' '--enable-pmx=no' '--enable-ps2eps=no' '--enable-t1utils=no' '--enable-texdoctk=no' '--enable-tpic2pdftex=no' '--enable-vlna=no' '--with-clisp-runtime=default' '--disable-xpdfopen' '--enable-web2c=no' '--enable-afm2pl=no' '--enable-bibtex-x=no' '--enable-chktex=no' '--enable-cjkutils=no' '--enable-detex=no' '--enable-dtl=no' '--enable-dvi2tty=no' '--enable-dvidvi=no' '--enable-dviljk=no' '--enable-dvipdfm-x=no' '--enable-dvipng=no' '--enable-dvipos=no' '--enable-dvipsk=no' '--enable-dvisvgm=no' '--enable-gregorio=no' '--enable-gsftopk=no' '--enable-lcdf-typetools=no' '--enable-makeindexk=no' '--enable-makejvf=no' '--enable-mendexk=no' '--enable-musixtnt=no' '--enable-ps2pk=no' '--enable-psutils=no' '--enable-seetexk=no' '--enable-ttf2pk2=no' '--enable-ttfdump=no' '--enable-upmendex=no' '--disable-xdvik' '--enable-texlive=no' '--with-system-harfbuzz=no' '--with-system-icu=no' '--with-system-teckit=no' '--with-system-graphite2=no' '--with-system-zziplib=no' '--with-system-xpdf=no' '--with-system-poppler=no' '--with-system-mpfr=no' '--with-system-gmp=no' '--with-system-cairo=no' '--with-system-pixman=no' '--with-system-potrace=no' '--with-system-gd=no' '--with-system-freetype2=no' '--with-system-libpng=no' '--with-system-libpaper=no' '--with-system-zlib=no' '--with-system-ptexenc=no' '--with-system-kpathsea=no' '--datarootdir=${prefix}' '--mandir=${prefix}/texmf-dist/doc/man' '--infodir=${prefix}/texmf-dist/doc/info' --cache-file=../config.cache --srcdir=../../utils
configure: loading cache ../config.cache
checking build system type... i686-pc-mingw32
checking host system type... i686-pc-mingw32
checking for gcc... gcc
checking whether the C compiler works... yes
checking for C compiler default output file name... a.exe
checking for suffix of executables... .exe
checking whether we are cross compiling... no
checking for suffix of object files... o
checking whether we are using the GNU C compiler... yes
checking whether gcc accepts -g... yes
checking for gcc option to accept ISO C89... none needed
checking whether gcc understands -c and -o together... yes
checking for native WIN32 or MINGW32... mingw32
checking for a BSD-compatible install... /bin/install -c
checking whether build environment is sane... yes
checking for a thread-safe mkdir -p... /bin/mkdir -p
checking for gawk... gawk
checking whether make sets $(MAKE)... yes
checking for style of include used by make... GNU
checking whether make supports nested variables... yes
checking dependency style of gcc... gcc3
checking whether to enable maintainer-specific portions of Makefiles... no
checking whether the compiler accepts prototypes... yes
checking what warning flags to pass to the C compiler... -Wimplicit -Wreturn-type
checking for Utils programs to build... 
d:\kp\bin\GnuWin32\bin\sed.exe: -e expression #1, char 2: extra characters after command
checking that generated files are newer than configure... done
configure: creating ./config.status
config.status: creating Makefile
config.status: executing depfiles commands
d:\kp\bin\GnuWin32\bin\sed.exe: -e expression #1, char 2: extra characters after command
=== configuring in texk (/F/kp/src/vtex/tex/texlive/2017/src_kp_tex4ht/trunk/Build/source/Work/texk)
configure: running /bin/sh ../../texk/configure --disable-option-checking '--prefix=/usr/local'  '--disable-all-pkgs' '--without-x' '--disable-xetex' '--disable-xindy' '--enable-tex4htk' 'CFLAGS=-g' 'CXXFLAGS=-g' '--enable-native-texlive-build' '--enable-largefile' '--disable-silent-rules' '--enable-multiplatform=yes' '--enable-cxx-runtime-hack=yes' '--enable-libtool-hack=yes' '--disable-shared' '--enable-texlive-build' '--bindir=${exec_prefix}/bin/i686-pc-mingw32' '--libdir=${exec_prefix}/lib/i686-pc-mingw32' '--enable-autosp=no' '--enable-devnag=no' '--enable-lacheck=no' '--enable-m-tx=no' '--enable-pmx=no' '--enable-ps2eps=no' '--enable-t1utils=no' '--enable-texdoctk=no' '--enable-tpic2pdftex=no' '--enable-vlna=no' '--with-clisp-runtime=default' '--disable-xpdfopen' '--enable-web2c=no' '--enable-afm2pl=no' '--enable-bibtex-x=no' '--enable-chktex=no' '--enable-cjkutils=no' '--enable-detex=no' '--enable-dtl=no' '--enable-dvi2tty=no' '--enable-dvidvi=no' '--enable-dviljk=no' '--enable-dvipdfm-x=no' '--enable-dvipng=no' '--enable-dvipos=no' '--enable-dvipsk=no' '--enable-dvisvgm=no' '--enable-gregorio=no' '--enable-gsftopk=no' '--enable-lcdf-typetools=no' '--enable-makeindexk=no' '--enable-makejvf=no' '--enable-mendexk=no' '--enable-musixtnt=no' '--enable-ps2pk=no' '--enable-psutils=no' '--enable-seetexk=no' '--enable-ttf2pk2=no' '--enable-ttfdump=no' '--enable-upmendex=no' '--disable-xdvik' '--enable-texlive=no' '--with-system-harfbuzz=no' '--with-system-icu=no' '--with-system-teckit=no' '--with-system-graphite2=no' '--with-system-zziplib=no' '--with-system-xpdf=no' '--with-system-poppler=no' '--with-system-mpfr=no' '--with-system-gmp=no' '--with-system-cairo=no' '--with-system-pixman=no' '--with-system-potrace=no' '--with-system-gd=no' '--with-system-freetype2=no' '--with-system-libpng=no' '--with-system-libpaper=no' '--with-system-zlib=no' '--with-system-ptexenc=no' '--with-system-kpathsea=no' '--datarootdir=${prefix}' '--mandir=${prefix}/texmf-dist/doc/man' '--infodir=${prefix}/texmf-dist/doc/info' --cache-file=../config.cache --srcdir=../../texk
configure: loading cache ../config.cache
checking build system type... i686-pc-mingw32
checking host system type... i686-pc-mingw32
checking for gcc... gcc
checking whether the C compiler works... yes
checking for C compiler default output file name... a.exe
checking for suffix of executables... .exe
checking whether we are cross compiling... no
checking for suffix of object files... o
checking whether we are using the GNU C compiler... yes
checking whether gcc accepts -g... yes
checking for gcc option to accept ISO C89... none needed
checking whether gcc understands -c and -o together... yes
checking for native WIN32 or MINGW32... mingw32
checking for a BSD-compatible install... /bin/install -c
checking whether build environment is sane... yes
checking for a thread-safe mkdir -p... /bin/mkdir -p
checking for gawk... gawk
checking whether make sets $(MAKE)... yes
checking for style of include used by make... GNU
checking whether make supports nested variables... yes
checking dependency style of gcc... gcc3
checking whether to enable maintainer-specific portions of Makefiles... no
checking whether the compiler accepts prototypes... yes
checking what warning flags to pass to the C compiler... -Wimplicit -Wreturn-type
checking for TeXk programs to build...  tex4htk
d:\kp\bin\GnuWin32\bin\sed.exe: -e expression #1, char 2: extra characters after command
checking that generated files are newer than configure... done
configure: creating ./config.status
config.status: creating Makefile
config.status: executing depfiles commands
d:\kp\bin\GnuWin32\bin\sed.exe: -e expression #1, char 2: extra characters after command

** Configuration summary for TeX Live 2016-05-23 (2017):

   compiling for i686-pc-mingw32
      in /F/kp/src/vtex/tex/texlive/2017/src_kp_tex4ht/trunk/Build/source/Work
      from sources in /F/kp/src/vtex/tex/texlive/2017/src_kp_tex4ht/trunk/Build/source

   C compiler (CC):              gcc (gcc.exe (x86_64-win32-seh-rev0, Built by MinGW-W64 project) 7.1.0)
   C++ compiler (CXX):           g++ (g++.exe (x86_64-win32-seh-rev0, Built by MinGW-W64 project) 7.1.0)
   PATH:                         /home/mindaugas.piesina/kp/bin:/D/kp/bin/GnuWin32/bin:/D/bin/python27:/D/texroot/bat:/D/texroot/bin:/D/kp/bin/mingw-w64/i686-7.1.0-posix-dwarf-rt_v5-rev0/mingw32/bin:.:/usr/local/bin:/mingw/bin:/bin:/c/Program Files (x86)/Intel/iCLS Client/:/c/Program Files/Intel/iCLS Client/:/c/ProgramData/Oracle/Java/javapath:/c/windows/system32:/c/windows:/c/windows/System32/Wbem:/c/windows/System32/WindowsPowerShell/v1.0/:/c/vtex/thg:/c/vtex/thg/hgbats:/c/Program Files/Intel/Intel(R) Management Engine Components/DAL:/c/Program Files/Intel/Intel(R) Management Engine Components/IPT:/c/Program Files (x86)/Intel/Intel(R) Management Engine Components/DAL:/c/Program Files (x86)/Intel/Intel(R) Management Engine Components/IPT:/c/Program Files/Microsoft SQL Server/120/Tools/Binn/:/c/Program Files/Microsoft SQL Server/130/Tools/Binn/:/d/kp/bin/Git/cmd:/d/kp/bin:/d/bin/perl/bin:/d/texroot/bat:/c/utils:/c/vtex/cvs:/d/bin/python27:/d/kp/bin/GnuWin32/bin:/d/kp/bin/cygwin64/bin:/d/kp/bin/mingw-w64/i686-7.1.0-posix-dwarf-rt_v5-rev0/mingw64/bin:/d/kp/bin/Microsoft Visual Studio 9.0/VC/bin:/d/kp/bin/Microsoft Visual Studio 9.0/VC

   enable_native_texlive_build:  yes
   enable_largefile:             yes
   enable_shared:                no
   enable_multiplatform:         yes
   enable_cxx_runtime_hack:      yes
   enable_libtool_hack:          yes
   enable_compiler_warnings:     min

   prefix:                       /usr/local
   includedir:                   ${prefix}/include
   datarootdir:                  ${prefix}
   mandir:                       ${prefix}/texmf-dist/doc/man
   infodir:                      ${prefix}/texmf-dist/doc/info
   exec_prefix:                  ${prefix}
   bindir:                       ${exec_prefix}/bin/i686-pc-mingw32
   libdir:                       ${exec_prefix}/lib/i686-pc-mingw32

** Next run `make' to configure and build each library and program.

d:\kp\bin\GnuWin32\bin\sed.exe: -e expression #1, char 2: extra characters after command
mkdir: cannot create directory `texk/tex4htk': File exists
checking for a BSD-compatible install... /bin/install -c
checking whether build environment is sane... yes
checking for a thread-safe mkdir -p... /bin/mkdir -p
checking for gawk... gawk
checking whether make sets $(MAKE)... yes
checking whether make supports nested variables... yes
checking for style of include used by make... GNU
checking for gcc... gcc
checking whether the C compiler works... yes
checking for C compiler default output file name... a.exe
checking for suffix of executables... .exe
checking whether we are cross compiling... no
checking for suffix of object files... o
checking whether we are using the GNU C compiler... yes
checking whether gcc accepts -g... yes
checking for gcc option to accept ISO C89... none needed
checking whether gcc understands -c and -o together... yes
checking dependency style of gcc... gcc3
checking build system type... i686-pc-mingw32
checking host system type... i686-pc-mingw32
checking how to print strings... printf
checking for a sed that does not truncate output... /D/kp/bin/GnuWin32/bin/sed
checking for grep that handles long lines and -e... /D/kp/bin/GnuWin32/bin/grep
checking for egrep... /D/kp/bin/GnuWin32/bin/grep -E
checking for fgrep... /D/kp/bin/GnuWin32/bin/grep -F
checking for ld used by gcc... d:/kp/bin/mingw-w64/i686-7.1.0-posix-dwarf-rt_v5-rev0/mingw64/bin/../lib/gcc/x86_64-w64-mingw32/7.1.0/../../../../x86_64-w64-mingw32/bin/ld.exe
checking if the linker (d:/kp/bin/mingw-w64/i686-7.1.0-posix-dwarf-rt_v5-rev0/mingw64/bin/../lib/gcc/x86_64-w64-mingw32/7.1.0/../../../../x86_64-w64-mingw32/bin/ld.exe) is GNU ld... yes
checking for BSD- or MS-compatible name lister (nm)... /d/kp/bin/mingw-w64/i686-7.1.0-posix-dwarf-rt_v5-rev0/mingw64/bin/nm -B
checking the name lister (/d/kp/bin/mingw-w64/i686-7.1.0-posix-dwarf-rt_v5-rev0/mingw64/bin/nm -B) interface... BSD nm
checking whether ln -s works... no, using cp -pR
checking the maximum length of command line arguments... 8192
checking how to convert i686-pc-mingw32 file names to i686-pc-mingw32 format... func_convert_file_msys_to_w32
checking how to convert i686-pc-mingw32 file names to toolchain format... func_convert_file_msys_to_w32
checking for d:/kp/bin/mingw-w64/i686-7.1.0-posix-dwarf-rt_v5-rev0/mingw64/bin/../lib/gcc/x86_64-w64-mingw32/7.1.0/../../../../x86_64-w64-mingw32/bin/ld.exe option to reload object files... -r
checking for objdump... objdump
checking how to recognize dependent libraries... file_magic ^x86 archive import|^x86 DLL
checking for dlltool... dlltool
checking how to associate runtime and link libraries... func_cygming_dll_for_implib
checking for ar... ar
checking for archiver @FILE support... @
checking for strip... strip
checking for ranlib... ranlib
checking command to parse /d/kp/bin/mingw-w64/i686-7.1.0-posix-dwarf-rt_v5-rev0/mingw64/bin/nm -B output from gcc object... failed
checking for sysroot... no
checking for a working dd... /bin/dd
checking how to truncate binary pipes... /bin/dd bs=4096 count=1
checking for mt... no
checking if : is a manifest tool... no
checking how to run the C preprocessor... gcc -E
checking for ANSI C header files... yes
checking for sys/types.h... yes
checking for sys/stat.h... yes
checking for stdlib.h... yes
checking for string.h... yes
checking for memory.h... yes
checking for strings.h... yes
checking for inttypes.h... yes
checking for stdint.h... yes
checking for unistd.h... yes
checking for dlfcn.h... no
checking whether to enable maintainer-specific portions of Makefiles... no
checking whether the compiler accepts prototypes... yes
checking what warning flags to pass to the C compiler... -Wimplicit -Wreturn-type
checking for as... as
checking for dlltool... (cached) dlltool
checking for objdump... (cached) objdump
checking for objdir... .libs
checking if gcc supports -fno-rtti -fno-exceptions... d:\kp\bin\GnuWin32\bin\sed.exe: -e expression #1, char 2: extra characters after command
no
checking for gcc option to produce PIC... -DDLL_EXPORT -DPIC
checking if gcc PIC flag -DDLL_EXPORT -DPIC works... d:\kp\bin\GnuWin32\bin\sed.exe: -e expression #1, char 2: extra characters after command
yes
checking if gcc static flag -static works... yes
checking if gcc supports -c -o file.o... d:\kp\bin\GnuWin32\bin\sed.exe: -e expression #1, char 2: extra characters after command
yes
checking if gcc supports -c -o file.o... (cached) yes
checking whether the gcc linker (d:/kp/bin/mingw-w64/i686-7.1.0-posix-dwarf-rt_v5-rev0/mingw64/bin/../lib/gcc/x86_64-w64-mingw32/7.1.0/../../../../x86_64-w64-mingw32/bin/ld.exe) supports shared libraries... yes
checking dynamic linker characteristics... Win32 ld.exe
checking how to hardcode library paths into programs... immediate
checking whether stripping libraries is possible... yes
checking if libtool supports shared libraries... yes
checking whether to build shared libraries... no
checking whether to build static libraries... yes
checking for special C compiler options needed for large files... no
checking for _FILE_OFFSET_BITS value needed for large files... 64
checking for _LARGEFILE_SOURCE value needed for large files... no
checking for dirent.h that defines DIR... yes
checking for library containing opendir... none required
checking for ANSI C header files... (cached) yes
checking whether closedir returns void... no
checking assert.h usability... yes
checking assert.h presence... yes
checking for assert.h... yes
checking float.h usability... yes
checking float.h presence... yes
checking for float.h... yes
checking limits.h usability... yes
checking limits.h presence... yes
checking for limits.h... yes
checking pwd.h usability... no
checking pwd.h presence... no
checking for pwd.h... no
checking for stdlib.h... (cached) yes
checking sys/param.h usability... yes
checking sys/param.h presence... yes
checking for sys/param.h... yes
checking for putenv... yes
checking for getcwd... yes
checking for getwd... no
checking for memcmp... yes
checking for memcpy... yes
checking for mkstemp... yes
checking for mktemp... yes
checking for strchr... yes
checking for strrchr... yes
checking for an ANSI C-conforming const... yes
checking for inline... inline
checking for size_t... yes
checking for int64_t... yes
checking for uint64_t... yes
checking whether isascii is declared... yes
checking for struct stat.st_mtim... no
checking size of int... 4
configure: creating ./config.lt
config.lt: creating libtool
checking for pkg-config... no
checking if libkpathsea supports debugging... yes
checking for g++... g++
checking whether we are using the GNU C++ compiler... yes
checking whether g++ accepts -g... yes
checking dependency style of g++... gcc3
checking what warning flags to pass to the C++ compiler... -Wreturn-type -Wno-write-strings
checking how to run the C++ preprocessor... g++ -E
checking for ld used by g++... d:/kp/bin/mingw-w64/i686-7.1.0-posix-dwarf-rt_v5-rev0/mingw64/bin/../lib/gcc/x86_64-w64-mingw32/7.1.0/../../../../x86_64-w64-mingw32/bin/ld.exe
checking if the linker (d:/kp/bin/mingw-w64/i686-7.1.0-posix-dwarf-rt_v5-rev0/mingw64/bin/../lib/gcc/x86_64-w64-mingw32/7.1.0/../../../../x86_64-w64-mingw32/bin/ld.exe) is GNU ld... yes
checking whether the g++ linker (d:/kp/bin/mingw-w64/i686-7.1.0-posix-dwarf-rt_v5-rev0/mingw64/bin/../lib/gcc/x86_64-w64-mingw32/7.1.0/../../../../x86_64-w64-mingw32/bin/ld.exe) supports shared libraries... yes
checking for g++ option to produce PIC... -DDLL_EXPORT -DPIC
checking if g++ PIC flag -DDLL_EXPORT -DPIC works... d:\kp\bin\GnuWin32\bin\sed.exe: -e expression #1, char 2: extra characters after command
yes
checking if g++ static flag -static works... yes
checking if g++ supports -c -o file.o... d:\kp\bin\GnuWin32\bin\sed.exe: -e expression #1, char 2: extra characters after command
yes
checking if g++ supports -c -o file.o... (cached) yes
checking whether the g++ linker (d:/kp/bin/mingw-w64/i686-7.1.0-posix-dwarf-rt_v5-rev0/mingw64/bin/../lib/gcc/x86_64-w64-mingw32/7.1.0/../../../../x86_64-w64-mingw32/bin/ld.exe) supports shared libraries... yes
checking dynamic linker characteristics... Win32 ld.exe
checking how to hardcode library paths into programs... immediate
checking for native WIN32 or MINGW32... mingw32
checking for WIN64... yes
d:\kp\bin\GnuWin32\bin\sed.exe: -e expression #1, char 2: extra characters after command
checking that generated files are newer than configure... done
configure: creating ./config.status
d:\kp\bin\GnuWin32\bin\sed.exe: -e expression #1, char 2: extra characters after command
config.status: creating Makefile
config.status: creating c-auto.h
config.status: c-auto.h is unchanged
config.status: executing depfiles commands
config.status: executing libtool commands
d:\kp\bin\GnuWin32\bin\sed.exe: -e expression #1, char 2: extra characters after command
Making all in .
make[1]: Entering directory `/F/kp/src/vtex/tex/texlive/2017/src_kp_tex4ht/trunk/Build/source/Work'
make[1]: Leaving directory `/F/kp/src/vtex/tex/texlive/2017/src_kp_tex4ht/trunk/Build/source/Work'
Making all in doc
make[1]: Entering directory `/F/kp/src/vtex/tex/texlive/2017/src_kp_tex4ht/trunk/Build/source/Work/doc'
make[1]: Nothing to be done for `all'.
make[1]: Leaving directory `/F/kp/src/vtex/tex/texlive/2017/src_kp_tex4ht/trunk/Build/source/Work/doc'
Making all in texk/kpathsea
make[1]: Entering directory `/F/kp/src/vtex/tex/texlive/2017/src_kp_tex4ht/trunk/Build/source/Work/texk/kpathsea'
make  all-recursive
make[2]: Entering directory `/F/kp/src/vtex/tex/texlive/2017/src_kp_tex4ht/trunk/Build/source/Work/texk/kpathsea'
Making all in .
make[3]: Entering directory `/F/kp/src/vtex/tex/texlive/2017/src_kp_tex4ht/trunk/Build/source/Work/texk/kpathsea'
make[3]: Nothing to be done for `all-am'.
make[3]: Leaving directory `/F/kp/src/vtex/tex/texlive/2017/src_kp_tex4ht/trunk/Build/source/Work/texk/kpathsea'
Making all in doc
make[3]: Entering directory `/F/kp/src/vtex/tex/texlive/2017/src_kp_tex4ht/trunk/Build/source/Work/texk/kpathsea/doc'
make[3]: Nothing to be done for `all'.
make[3]: Leaving directory `/F/kp/src/vtex/tex/texlive/2017/src_kp_tex4ht/trunk/Build/source/Work/texk/kpathsea/doc'
Making all in man
make[3]: Entering directory `/F/kp/src/vtex/tex/texlive/2017/src_kp_tex4ht/trunk/Build/source/Work/texk/kpathsea/man'
make[3]: Nothing to be done for `all'.
make[3]: Leaving directory `/F/kp/src/vtex/tex/texlive/2017/src_kp_tex4ht/trunk/Build/source/Work/texk/kpathsea/man'
Making all in win32
make[3]: Entering directory `/F/kp/src/vtex/tex/texlive/2017/src_kp_tex4ht/trunk/Build/source/Work/texk/kpathsea/win32'
make[3]: Nothing to be done for `all'.
make[3]: Leaving directory `/F/kp/src/vtex/tex/texlive/2017/src_kp_tex4ht/trunk/Build/source/Work/texk/kpathsea/win32'
make[2]: Leaving directory `/F/kp/src/vtex/tex/texlive/2017/src_kp_tex4ht/trunk/Build/source/Work/texk/kpathsea'
make[1]: Leaving directory `/F/kp/src/vtex/tex/texlive/2017/src_kp_tex4ht/trunk/Build/source/Work/texk/kpathsea'
Making all in libs
make[1]: Entering directory `/F/kp/src/vtex/tex/texlive/2017/src_kp_tex4ht/trunk/Build/source/Work/libs'
Making all in .
make[2]: Entering directory `/F/kp/src/vtex/tex/texlive/2017/src_kp_tex4ht/trunk/Build/source/Work/libs'
make[2]: Leaving directory `/F/kp/src/vtex/tex/texlive/2017/src_kp_tex4ht/trunk/Build/source/Work/libs'
make[1]: Leaving directory `/F/kp/src/vtex/tex/texlive/2017/src_kp_tex4ht/trunk/Build/source/Work/libs'
Making all in utils
make[1]: Entering directory `/F/kp/src/vtex/tex/texlive/2017/src_kp_tex4ht/trunk/Build/source/Work/utils'
Making all in .
make[2]: Entering directory `/F/kp/src/vtex/tex/texlive/2017/src_kp_tex4ht/trunk/Build/source/Work/utils'
make[2]: Leaving directory `/F/kp/src/vtex/tex/texlive/2017/src_kp_tex4ht/trunk/Build/source/Work/utils'
make[1]: Leaving directory `/F/kp/src/vtex/tex/texlive/2017/src_kp_tex4ht/trunk/Build/source/Work/utils'
Making all in texk
make[1]: Entering directory `/F/kp/src/vtex/tex/texlive/2017/src_kp_tex4ht/trunk/Build/source/Work/texk'
Making all in .
make[2]: Entering directory `/F/kp/src/vtex/tex/texlive/2017/src_kp_tex4ht/trunk/Build/source/Work/texk'
make[2]: Leaving directory `/F/kp/src/vtex/tex/texlive/2017/src_kp_tex4ht/trunk/Build/source/Work/texk'
Making all in tex4htk
make[2]: Entering directory `/F/kp/src/vtex/tex/texlive/2017/src_kp_tex4ht/trunk/Build/source/Work/texk/tex4htk'
make  all-am
make[3]: Entering directory `/F/kp/src/vtex/tex/texlive/2017/src_kp_tex4ht/trunk/Build/source/Work/texk/tex4htk'
depbase=`echo tex4ht.o | sed 's|[^/]*$|.deps/&|;s|\.o$||'`;\
	gcc -DHAVE_CONFIG_H -I. -I../../../texk/tex4htk  -I/F/kp/src/vtex/tex/texlive/2017/src_kp_tex4ht/trunk/Build/source/Work/texk -I/F/kp/src/vtex/tex/texlive/2017/src_kp_tex4ht/trunk/Build/source/texk -DNO_DEBUG -I../../../libs/kplib/include -I../../../libs/kplib/src -I../../../libs/kplib/src/net -DANSI -DKPATHSEA  -Wimplicit -Wreturn-type -g -MT tex4ht.o -MD -MP -MF $depbase.Tpo -c -o tex4ht.o ../../../texk/tex4htk/tex4ht.c &&\
	mv -f $depbase.Tpo $depbase.Po
depbase=`echo ../../libs/kplib/src/kpstdlib.o | sed 's|[^/]*$|.deps/&|;s|\.o$||'`;\
	g++ -DHAVE_CONFIG_H -I. -I../../../texk/tex4htk  -I/F/kp/src/vtex/tex/texlive/2017/src_kp_tex4ht/trunk/Build/source/Work/texk -I/F/kp/src/vtex/tex/texlive/2017/src_kp_tex4ht/trunk/Build/source/texk -DNO_DEBUG -I../../../libs/kplib/include -I../../../libs/kplib/src -I../../../libs/kplib/src/net -DANSI -DKPATHSEA   -g -MT ../../libs/kplib/src/kpstdlib.o -MD -MP -MF $depbase.Tpo -c -o ../../libs/kplib/src/kpstdlib.o ../../../texk/tex4htk/../../libs/kplib/src/kpstdlib.cpp &&\
	mv -f $depbase.Tpo $depbase.Po
depbase=`echo ../../libs/kplib/src/kpstdio.o | sed 's|[^/]*$|.deps/&|;s|\.o$||'`;\
	g++ -DHAVE_CONFIG_H -I. -I../../../texk/tex4htk  -I/F/kp/src/vtex/tex/texlive/2017/src_kp_tex4ht/trunk/Build/source/Work/texk -I/F/kp/src/vtex/tex/texlive/2017/src_kp_tex4ht/trunk/Build/source/texk -DNO_DEBUG -I../../../libs/kplib/include -I../../../libs/kplib/src -I../../../libs/kplib/src/net -DANSI -DKPATHSEA   -g -MT ../../libs/kplib/src/kpstdio.o -MD -MP -MF $depbase.Tpo -c -o ../../libs/kplib/src/kpstdio.o ../../../texk/tex4htk/../../libs/kplib/src/kpstdio.cpp &&\
	mv -f $depbase.Tpo $depbase.Po
depbase=`echo ../../libs/kplib/src/kpctype.o | sed 's|[^/]*$|.deps/&|;s|\.o$||'`;\
	g++ -DHAVE_CONFIG_H -I. -I../../../texk/tex4htk  -I/F/kp/src/vtex/tex/texlive/2017/src_kp_tex4ht/trunk/Build/source/Work/texk -I/F/kp/src/vtex/tex/texlive/2017/src_kp_tex4ht/trunk/Build/source/texk -DNO_DEBUG -I../../../libs/kplib/include -I../../../libs/kplib/src -I../../../libs/kplib/src/net -DANSI -DKPATHSEA   -g -MT ../../libs/kplib/src/kpctype.o -MD -MP -MF $depbase.Tpo -c -o ../../libs/kplib/src/kpctype.o ../../../texk/tex4htk/../../libs/kplib/src/kpctype.cpp &&\
	mv -f $depbase.Tpo $depbase.Po
depbase=`echo ../../libs/kplib/src/kperr.o | sed 's|[^/]*$|.deps/&|;s|\.o$||'`;\
	g++ -DHAVE_CONFIG_H -I. -I../../../texk/tex4htk  -I/F/kp/src/vtex/tex/texlive/2017/src_kp_tex4ht/trunk/Build/source/Work/texk -I/F/kp/src/vtex/tex/texlive/2017/src_kp_tex4ht/trunk/Build/source/texk -DNO_DEBUG -I../../../libs/kplib/include -I../../../libs/kplib/src -I../../../libs/kplib/src/net -DANSI -DKPATHSEA   -g -MT ../../libs/kplib/src/kperr.o -MD -MP -MF $depbase.Tpo -c -o ../../libs/kplib/src/kperr.o ../../../texk/tex4htk/../../libs/kplib/src/kperr.cpp &&\
	mv -f $depbase.Tpo $depbase.Po
depbase=`echo ../../libs/kplib/src/kpsort.o | sed 's|[^/]*$|.deps/&|;s|\.o$||'`;\
	g++ -DHAVE_CONFIG_H -I. -I../../../texk/tex4htk  -I/F/kp/src/vtex/tex/texlive/2017/src_kp_tex4ht/trunk/Build/source/Work/texk -I/F/kp/src/vtex/tex/texlive/2017/src_kp_tex4ht/trunk/Build/source/texk -DNO_DEBUG -I../../../libs/kplib/include -I../../../libs/kplib/src -I../../../libs/kplib/src/net -DANSI -DKPATHSEA   -g -MT ../../libs/kplib/src/kpsort.o -MD -MP -MF $depbase.Tpo -c -o ../../libs/kplib/src/kpsort.o ../../../texk/tex4htk/../../libs/kplib/src/kpsort.cpp &&\
	mv -f $depbase.Tpo $depbase.Po
depbase=`echo ../../libs/kplib/src/kpcapp.o | sed 's|[^/]*$|.deps/&|;s|\.o$||'`;\
	g++ -DHAVE_CONFIG_H -I. -I../../../texk/tex4htk  -I/F/kp/src/vtex/tex/texlive/2017/src_kp_tex4ht/trunk/Build/source/Work/texk -I/F/kp/src/vtex/tex/texlive/2017/src_kp_tex4ht/trunk/Build/source/texk -DNO_DEBUG -I../../../libs/kplib/include -I../../../libs/kplib/src -I../../../libs/kplib/src/net -DANSI -DKPATHSEA   -g -MT ../../libs/kplib/src/kpcapp.o -MD -MP -MF $depbase.Tpo -c -o ../../libs/kplib/src/kpcapp.o ../../../texk/tex4htk/../../libs/kplib/src/kpcapp.cpp &&\
	mv -f $depbase.Tpo $depbase.Po
depbase=`echo ../../libs/kplib/src/win/kpwindow.o | sed 's|[^/]*$|.deps/&|;s|\.o$||'`;\
	g++ -DHAVE_CONFIG_H -I. -I../../../texk/tex4htk  -I/F/kp/src/vtex/tex/texlive/2017/src_kp_tex4ht/trunk/Build/source/Work/texk -I/F/kp/src/vtex/tex/texlive/2017/src_kp_tex4ht/trunk/Build/source/texk -DNO_DEBUG -I../../../libs/kplib/include -I../../../libs/kplib/src -I../../../libs/kplib/src/net -DANSI -DKPATHSEA   -g -MT ../../libs/kplib/src/win/kpwindow.o -MD -MP -MF $depbase.Tpo -c -o ../../libs/kplib/src/win/kpwindow.o ../../../texk/tex4htk/../../libs/kplib/src/win/kpwindow.cpp &&\
	mv -f $depbase.Tpo $depbase.Po
/bin/sh ./libtool  --tag=CXX   --mode=link g++  -g -Wl,-Map,tex4ht.exe.map -ggdb  -o tex4ht.exe tex4ht.o tex4ht_add.o ../../libs/kplib/src/kpstring.o ../../libs/kplib/src/kpstdlib.o ../../libs/kplib/src/kpstdio.o ../../libs/kplib/src/kpctype.o ../../libs/kplib/src/kperr.o ../../libs/kplib/src/kpsort.o ../../libs/kplib/src/kpcapp.o ../../libs/kplib/src/win/kpwindow.o /F/kp/src/vtex/tex/texlive/2017/src_kp_tex4ht/trunk/Build/source/Work/texk/kpathsea/libkpathsea.la 
d:\kp\bin\GnuWin32\bin\sed.exe: -e expression #1, char 10: unknown option to `s'
libtool: link: g++ -g -Wl,-Map -Wl,tex4ht.exe.map -ggdb -o tex4ht.exe tex4ht.o tex4ht_add.o ../../libs/kplib/src/kpstring.o ../../libs/kplib/src/kpstdlib.o ../../libs/kplib/src/kpstdio.o ../../libs/kplib/src/kpctype.o ../../libs/kplib/src/kperr.o ../../libs/kplib/src/kpsort.o ../../libs/kplib/src/kpcapp.o ../../libs/kplib/src/win/kpwindow.o  /F/kp/src/vtex/tex/texlive/2017/src_kp_tex4ht/trunk/Build/source/Work/texk/kpathsea/.libs/libkpathsea.a
cp -pR ../../../texk/tex4htk/../../texk/texlive/w64_wrapper/runscript.exe mk4ht.exe
cp -pR ../../../texk/tex4htk/../../texk/texlive/w64_wrapper/runscript.exe ht.exe
cp -pR ../../../texk/tex4htk/../../texk/texlive/w64_wrapper/runscript.exe htcontext.exe
cp -pR ../../../texk/tex4htk/../../texk/texlive/w64_wrapper/runscript.exe htlatex.exe
cp -pR ../../../texk/tex4htk/../../texk/texlive/w64_wrapper/runscript.exe htmex.exe
cp -pR ../../../texk/tex4htk/../../texk/texlive/w64_wrapper/runscript.exe httex.exe
cp -pR ../../../texk/tex4htk/../../texk/texlive/w64_wrapper/runscript.exe httexi.exe
cp -pR ../../../texk/tex4htk/../../texk/texlive/w64_wrapper/runscript.exe htxelatex.exe
cp -pR ../../../texk/tex4htk/../../texk/texlive/w64_wrapper/runscript.exe htxetex.exe
cp -pR ../../../texk/tex4htk/../../texk/texlive/w64_wrapper/runscript.exe xhlatex.exe
make[3]: Leaving directory `/F/kp/src/vtex/tex/texlive/2017/src_kp_tex4ht/trunk/Build/source/Work/texk/tex4htk'
make[2]: Leaving directory `/F/kp/src/vtex/tex/texlive/2017/src_kp_tex4ht/trunk/Build/source/Work/texk/tex4htk'
make[1]: Leaving directory `/F/kp/src/vtex/tex/texlive/2017/src_kp_tex4ht/trunk/Build/source/Work/texk'
